{"type":"server-started","port":50636,"host":"127.0.0.1","url_host":"localhost","url":"http://localhost:50636","screen_dir":"/Users/s.alhazova/Documents/GitHub/Unit-school/.superpowers/brainstorm/89438-1777026035"}
{"type":"screen-added","file":"/Users/s.alhazova/Documents/GitHub/Unit-school/.superpowers/brainstorm/89438-1777026035/layout-approaches.html"}
{"type":"screen-updated","file":"/Users/s.alhazova/Documents/GitHub/Unit-school/.superpowers/brainstorm/89438-1777026035/layout-approaches.html"}
{"type":"screen-updated","file":"/Users/s.alhazova/Documents/GitHub/Unit-school/.superpowers/brainstorm/89438-1777026035/layout-approaches.html"}
{"type":"screen-updated","file":"/Users/s.alhazova/Documents/GitHub/Unit-school/.superpowers/brainstorm/89438-1777026035/layout-approaches.html"}
{"type":"screen-added","file":"/Users/s.alhazova/Documents/GitHub/Unit-school/.superpowers/brainstorm/89438-1777026035/layout-v2.html"}
{"type":"screen-updated","file":"/Users/s.alhazova/Documents/GitHub/Unit-school/.superpowers/brainstorm/89438-1777026035/layout-v2.html"}
{"type":"screen-updated","file":"/Users/s.alhazova/Documents/GitHub/Unit-school/.superpowers/brainstorm/89438-1777026035/layout-v2.html"}
{"type":"screen-updated","file":"/Users/s.alhazova/Documents/GitHub/Unit-school/.superpowers/brainstorm/89438-1777026035/layout-v2.html"}
{"type":"screen-updated","file":"/Users/s.alhazova/Documents/GitHub/Unit-school/.superpowers/brainstorm/89438-1777026035/layout-v2.html"}
{"source":"user-event","type":"click","text":"Прогресс\n        \n\n          \n          \n            \n            \n              \n                \n                  \n                  \n                \n                \n                  3/5\n                  курсов\n                \n              \n              \n                Middle AM\n                4 ч 30 мин обучения\n              \n            \n            \n            \n              🔥\n              15\n              дней\n            \n          \n\n          \n          \n            Путь развития\n            \n              ✓\n              Junior AM\n              \n              80%\n              Middle AM\n              \n              ·\n              Senior AM\n              \n              ·\n              Lead AM\n            \n          \n\n          \n          \n            \n              Достижения\n              \n                🏆\n                📗\n                🌟\n                🎯\n                ⚡\n              \n            \n            \n              Коллеги\n              \n                Я\n                \n              \n              \n                Среднее\n                \n              \n            \n          \n        \n      \n    \n    \n      A — Компактная сетка\n      Сводка + стрик вверху, путь развития, достижения и сравнение — всё без скролла.","choice":"a","id":null,"timestamp":1777027420058}
{"type":"screen-added","file":"/Users/s.alhazova/Documents/GitHub/Unit-school/.superpowers/brainstorm/89438-1777026035/charts-concept.html"}
{"type":"screen-updated","file":"/Users/s.alhazova/Documents/GitHub/Unit-school/.superpowers/brainstorm/89438-1777026035/charts-concept.html"}
{"type":"screen-updated","file":"/Users/s.alhazova/Documents/GitHub/Unit-school/.superpowers/brainstorm/89438-1777026035/charts-concept.html"}
{"type":"screen-updated","file":"/Users/s.alhazova/Documents/GitHub/Unit-school/.superpowers/brainstorm/89438-1777026035/charts-concept.html"}
{"type":"screen-added","file":"/Users/s.alhazova/Documents/GitHub/Unit-school/.superpowers/brainstorm/89438-1777026035/waiting-1.html"}
{"type":"screen-updated","file":"/Users/s.alhazova/Documents/GitHub/Unit-school/.superpowers/brainstorm/89438-1777026035/waiting-1.html"}
{"type":"screen-updated","file":"/Users/s.alhazova/Documents/GitHub/Unit-school/.superpowers/brainstorm/89438-1777026035/waiting-1.html"}
{"type":"screen-updated","file":"/Users/s.alhazova/Documents/GitHub/Unit-school/.superpowers/brainstorm/89438-1777026035/waiting-1.html"}
{"type":"server-stopped","reason":"idle timeout"}
