{"type":"server-started","port":57331,"host":"127.0.0.1","url_host":"localhost","url":"http://localhost:57331","screen_dir":"/Users/s.alhazova/Documents/GitHub/Unit-school/.superpowers/brainstorm/79057-1776944918"}
{"type":"screen-added","file":"/Users/s.alhazova/Documents/GitHub/Unit-school/.superpowers/brainstorm/79057-1776944918/dashboard-layout.html"}
{"type":"screen-updated","file":"/Users/s.alhazova/Documents/GitHub/Unit-school/.superpowers/brainstorm/79057-1776944918/dashboard-layout.html"}
{"type":"screen-updated","file":"/Users/s.alhazova/Documents/GitHub/Unit-school/.superpowers/brainstorm/79057-1776944918/dashboard-layout.html"}
{"type":"screen-updated","file":"/Users/s.alhazova/Documents/GitHub/Unit-school/.superpowers/brainstorm/79057-1776944918/dashboard-layout.html"}
{"source":"user-event","type":"click","text":"🌱 Новичок\n            → до Junior AM: 2 курса\n          \n          Продолжи с места, где остановился\n          \n            \n              День 1 — Знакомство с UnitPay\n              \n              Слайд 3 из 8 · 37%\n            \n            Продолжить →\n          \n        \n        \n        \n          Твой путь развития\n          \n            ✓ Новичокпройдено\n            →\n            ● Junior AMсейчас\n            →\n            ○ Middle AMнужно 3 курса\n            →\n            ○ Senior AMнужно 6 курсов\n          \n        \n        \n        \n          \n            Курсы\n            День 1 В процессе\n            День 2 Скоро\n          \n          \n            Последние достижения\n            🎯Первый курс начат21 апр\n            📅3 дня подряд22 апр\n          \n        \n      \n    \n    \n      C — Фокус на \"что делать сейчас\"\n      Главный акцент — продолжить конкретный курс. Путь развития горизонтальный, все 4 ступени видны сразу.","choice":"c","id":null,"timestamp":1776945115442}
{"type":"screen-added","file":"/Users/s.alhazova/Documents/GitHub/Unit-school/.superpowers/brainstorm/79057-1776944918/dashboard-c-blue.html"}
{"type":"screen-updated","file":"/Users/s.alhazova/Documents/GitHub/Unit-school/.superpowers/brainstorm/79057-1776944918/dashboard-c-blue.html"}
{"type":"screen-updated","file":"/Users/s.alhazova/Documents/GitHub/Unit-school/.superpowers/brainstorm/79057-1776944918/dashboard-c-blue.html"}
{"type":"screen-updated","file":"/Users/s.alhazova/Documents/GitHub/Unit-school/.superpowers/brainstorm/79057-1776944918/dashboard-c-blue.html"}
{"type":"screen-added","file":"/Users/s.alhazova/Documents/GitHub/Unit-school/.superpowers/brainstorm/79057-1776944918/empty-state.html"}
{"type":"screen-updated","file":"/Users/s.alhazova/Documents/GitHub/Unit-school/.superpowers/brainstorm/79057-1776944918/empty-state.html"}
{"type":"screen-updated","file":"/Users/s.alhazova/Documents/GitHub/Unit-school/.superpowers/brainstorm/79057-1776944918/empty-state.html"}
{"type":"screen-updated","file":"/Users/s.alhazova/Documents/GitHub/Unit-school/.superpowers/brainstorm/79057-1776944918/empty-state.html"}
{"type":"screen-added","file":"/Users/s.alhazova/Documents/GitHub/Unit-school/.superpowers/brainstorm/79057-1776944918/empty-state-v2.html"}
{"type":"screen-updated","file":"/Users/s.alhazova/Documents/GitHub/Unit-school/.superpowers/brainstorm/79057-1776944918/empty-state-v2.html"}
{"type":"screen-updated","file":"/Users/s.alhazova/Documents/GitHub/Unit-school/.superpowers/brainstorm/79057-1776944918/empty-state-v2.html"}
{"type":"screen-updated","file":"/Users/s.alhazova/Documents/GitHub/Unit-school/.superpowers/brainstorm/79057-1776944918/empty-state-v2.html"}
{"type":"screen-added","file":"/Users/s.alhazova/Documents/GitHub/Unit-school/.superpowers/brainstorm/79057-1776944918/empty-state-v3.html"}
{"type":"screen-updated","file":"/Users/s.alhazova/Documents/GitHub/Unit-school/.superpowers/brainstorm/79057-1776944918/empty-state-v3.html"}
{"type":"screen-updated","file":"/Users/s.alhazova/Documents/GitHub/Unit-school/.superpowers/brainstorm/79057-1776944918/empty-state-v3.html"}
{"type":"screen-updated","file":"/Users/s.alhazova/Documents/GitHub/Unit-school/.superpowers/brainstorm/79057-1776944918/empty-state-v3.html"}
{"type":"screen-added","file":"/Users/s.alhazova/Documents/GitHub/Unit-school/.superpowers/brainstorm/79057-1776944918/empty-state-final.html"}
{"type":"screen-updated","file":"/Users/s.alhazova/Documents/GitHub/Unit-school/.superpowers/brainstorm/79057-1776944918/empty-state-final.html"}
{"type":"screen-updated","file":"/Users/s.alhazova/Documents/GitHub/Unit-school/.superpowers/brainstorm/79057-1776944918/empty-state-final.html"}
{"type":"screen-updated","file":"/Users/s.alhazova/Documents/GitHub/Unit-school/.superpowers/brainstorm/79057-1776944918/empty-state-final.html"}
{"type":"screen-added","file":"/Users/s.alhazova/Documents/GitHub/Unit-school/.superpowers/brainstorm/79057-1776944918/empty-state-v4.html"}
{"type":"screen-updated","file":"/Users/s.alhazova/Documents/GitHub/Unit-school/.superpowers/brainstorm/79057-1776944918/empty-state-v4.html"}
{"type":"screen-updated","file":"/Users/s.alhazova/Documents/GitHub/Unit-school/.superpowers/brainstorm/79057-1776944918/empty-state-v4.html"}
{"type":"screen-updated","file":"/Users/s.alhazova/Documents/GitHub/Unit-school/.superpowers/brainstorm/79057-1776944918/empty-state-v4.html"}
{"type":"screen-updated","file":"/Users/s.alhazova/Documents/GitHub/Unit-school/.superpowers/brainstorm/79057-1776944918/empty-state-v4.html"}
{"type":"screen-added","file":"/Users/s.alhazova/Documents/GitHub/Unit-school/.superpowers/brainstorm/79057-1776944918/empty-state-v5.html"}
{"type":"screen-updated","file":"/Users/s.alhazova/Documents/GitHub/Unit-school/.superpowers/brainstorm/79057-1776944918/empty-state-v5.html"}
{"type":"screen-updated","file":"/Users/s.alhazova/Documents/GitHub/Unit-school/.superpowers/brainstorm/79057-1776944918/empty-state-v5.html"}
{"type":"screen-updated","file":"/Users/s.alhazova/Documents/GitHub/Unit-school/.superpowers/brainstorm/79057-1776944918/empty-state-v5.html"}
{"type":"screen-added","file":"/Users/s.alhazova/Documents/GitHub/Unit-school/.superpowers/brainstorm/79057-1776944918/empty-state-v6.html"}
{"type":"screen-updated","file":"/Users/s.alhazova/Documents/GitHub/Unit-school/.superpowers/brainstorm/79057-1776944918/empty-state-v6.html"}
{"type":"screen-updated","file":"/Users/s.alhazova/Documents/GitHub/Unit-school/.superpowers/brainstorm/79057-1776944918/empty-state-v6.html"}
{"type":"screen-updated","file":"/Users/s.alhazova/Documents/GitHub/Unit-school/.superpowers/brainstorm/79057-1776944918/empty-state-v6.html"}
{"type":"screen-added","file":"/Users/s.alhazova/Documents/GitHub/Unit-school/.superpowers/brainstorm/79057-1776944918/waiting.html"}
{"type":"screen-updated","file":"/Users/s.alhazova/Documents/GitHub/Unit-school/.superpowers/brainstorm/79057-1776944918/waiting.html"}
{"type":"screen-updated","file":"/Users/s.alhazova/Documents/GitHub/Unit-school/.superpowers/brainstorm/79057-1776944918/waiting.html"}
{"type":"screen-updated","file":"/Users/s.alhazova/Documents/GitHub/Unit-school/.superpowers/brainstorm/79057-1776944918/waiting.html"}
{"type":"server-stopped","reason":"idle timeout"}
